<?xml version="1.0" encoding="UTF-8"?>
<!-- Generated by org.testng.reporters.JUnitXMLReporter -->
<testsuite ignored="0" hostname="Sivasubramanians-MacBook-Air.local" failures="1" tests="2" name="Default test" time="0.197" errors="0" timestamp="2023-10-25T22:17:43 MST">
  <testcase classname="io.cucumber.testng.AbstractTestNGCucumberTests" name="runScenario" time="0.057">
    <failure type="java.lang.NullPointerException" message="Cannot invoke &amp;quot;org.openqa.selenium.WebDriver.get(String)&amp;quot; because &amp;quot;genericLibrary.WebDriverCommonLib.driver&amp;quot; is null">
      <![CDATA[java.lang.NullPointerException: Cannot invoke "org.openqa.selenium.WebDriver.get(String)" because "genericLibrary.WebDriverCommonLib.driver" is null
at genericLibrary.WebDriverCommonLib.openUrl(WebDriverCommonLib.java:20)
at PageObjectRepoLib.DemoBlazeHome.homePage(DemoBlazeHome.java:57)
at stepDefinitions.Step_Definitions.launch_url(Step_Definitions.java:34)
at ✽.launch Url(file:///Users/shankari/eclipse-workspace/FinalProject/src/test/java/feature/demoBlaze.feature:9)
]]>
    </failure>
  </testcase> <!-- runScenario -->
  <testcase classname="io.cucumber.testng.AbstractTestNGCucumberTests" name="runScenario" time="0.003"/>
</testsuite> <!-- Default test -->
