<?xml version="1.0" encoding="UTF-8"?>
<!-- Generated by org.testng.reporters.JUnitReportReporter -->
<testsuite hostname="Sivasubramanians-MacBook-Air.local" failures="0" tests="2" name="runner.TestNGRunner" time="0.060" errors="1" timestamp="2023-10-25T22:17:43 MST" skipped="0">
  <testcase classname="runner.TestNGRunner" name="runScenario" time="0.057">
    <error message="Cannot invoke &quot;org.openqa.selenium.WebDriver.get(String)&quot; because &quot;genericLibrary.WebDriverCommonLib.driver&quot; is null" type="java.lang.NullPointerException">
      <![CDATA[java.lang.NullPointerException: Cannot invoke "org.openqa.selenium.WebDriver.get(String)" because "genericLibrary.WebDriverCommonLib.driver" is null
at genericLibrary.WebDriverCommonLib.openUrl(WebDriverCommonLib.java:20)
at PageObjectRepoLib.DemoBlazeHome.homePage(DemoBlazeHome.java:57)
at stepDefinitions.Step_Definitions.launch_url(Step_Definitions.java:34)
at ✽.launch Url(file:///Users/shankari/eclipse-workspace/FinalProject/src/test/java/feature/demoBlaze.feature:9)
]]>
    </error>
  </testcase> <!-- runScenario -->
  <testcase classname="runner.TestNGRunner" name="runScenario" time="0.003"/>
</testsuite> <!-- runner.TestNGRunner -->
